0 info it worked if it ends with ok
1 verbose cli [ 'C:\\Program Files (x86)\\nodejs\\node.exe',
1 verbose cli   'C:\\Users\\NEOHE\\AppData\\Roaming\\npm\\node_modules\\npm\\bin\\npm-cli.js',
1 verbose cli   'run',
1 verbose cli   'build' ]
2 info using npm@3.8.2
3 info using node@v7.4.0
4 verbose run-script [ 'prebuild', 'build', 'postbuild' ]
5 info lifecycle node_dice@0.5.0~prebuild: node_dice@0.5.0
6 silly lifecycle node_dice@0.5.0~prebuild: no script for prebuild, continuing
7 info lifecycle node_dice@0.5.0~build: node_dice@0.5.0
8 verbose lifecycle node_dice@0.5.0~build: unsafe-perm in lifecycle true
9 verbose lifecycle node_dice@0.5.0~build: PATH: C:\Users\NEOHE\AppData\Roaming\npm\node_modules\npm\bin\node-gyp-bin;D:\node_dice\www\src\node_modules\.bin;C:\Program Files (x86)\nodejs;C:\ProgramData\Oracle\Java\javapath;C:\Program Files\Common Files\Microsoft Shared\Windows Live;C:\Program Files (x86)\Common Files\Microsoft Shared\Windows Live;C:\Program Files (x86)\NVIDIA Corporation\PhysX\Common;C:\WINDOWS\SYSTEM32;C:\WINDOWS;C:\WINDOWS\SYSTEM32\WBEM;C:\WINDOWS\SYSTEM32\WINDOWSPOWERSHELL\V1.0\;C:\Program Files\Lenovo\Bluetooth Software\;C:\Program Files\Lenovo\Bluetooth Software\syswow64;C:\Program Files\Microsoft SQL Server\110\Tools\Binn\;C:\Program Files\Microsoft SQL Server\120\Tools\Binn\;C:\Program Files\Microsoft\Web Platform Installer\;C:\Program Files (x86)\Bitvise SSH Client;C:\WINDOWS\system32;C:\WINDOWS\System32\Wbem;C:\WINDOWS\System32\WindowsPowerShell\v1.0\;C:\Program Files (x86)\Microsoft SQL Server\110\Tools\Binn\;C:\Program Files\Microsoft SQL Server\110\DTS\Binn\;C:\Program Files (x86)\Microsoft SQL Server\110\Tools\Binn\ManagementStudio\;C:\Program Files (x86)\Microsoft SQL Server\110\DTS\Binn\;C:\program files (x8;C:\WINDOWS\system32;C:\WINDOWS;C:\WINDOWS\System32\Wbem;C:\WINDOWS\System32\WindowsPowerShell\v1.0\;C:\Program Files\TortoiseGit\bin;C:\Program Files\Microsoft SQL Server\130\Tools\Binn\;C:\Program Files (x86)\Microsoft SQL Server\120\DTS\Binn\;C:\Program Files (x86)\Microsoft SQL Server\130\DTS\Binn\;C:\Program Files (x86)\nodejs\;C:\program files (x86)\skype\Phone\;C:\Program Files (x86)\Windows Kits\10\Windows Performance Toolkit\;C:\Program Files\dotnet\;C:\Program Files (x86)\Git\cmd;C:\Program Files (x86)\Microsoft VS Code\bin;C:\Users\NEOHE\AppData\Local\Microsoft\WindowsApps;C:\Users\NEOHE\AppData\Roaming\npm
10 verbose lifecycle node_dice@0.5.0~build: CWD: D:\node_dice\www\src
11 silly lifecycle node_dice@0.5.0~build: Args: [ '/d /s /c', 'babel -w src/ -d dist/ -s' ]
12 silly lifecycle node_dice@0.5.0~build: Returned: code: 2  signal: null
13 info lifecycle node_dice@0.5.0~build: Failed to exec build script
14 verbose stack Error: node_dice@0.5.0 build: `babel -w src/ -d dist/ -s`
14 verbose stack Exit status 2
14 verbose stack     at EventEmitter.<anonymous> (C:\Users\NEOHE\AppData\Roaming\npm\node_modules\npm\lib\utils\lifecycle.js:239:16)
14 verbose stack     at emitTwo (events.js:106:13)
14 verbose stack     at EventEmitter.emit (events.js:191:7)
14 verbose stack     at ChildProcess.<anonymous> (C:\Users\NEOHE\AppData\Roaming\npm\node_modules\npm\lib\utils\spawn.js:24:14)
14 verbose stack     at emitTwo (events.js:106:13)
14 verbose stack     at ChildProcess.emit (events.js:191:7)
14 verbose stack     at maybeClose (internal/child_process.js:885:16)
14 verbose stack     at Process.ChildProcess._handle.onexit (internal/child_process.js:226:5)
15 verbose pkgid node_dice@0.5.0
16 verbose cwd D:\node_dice\www\src
17 error Windows_NT 10.0.14393
18 error argv "C:\\Program Files (x86)\\nodejs\\node.exe" "C:\\Users\\NEOHE\\AppData\\Roaming\\npm\\node_modules\\npm\\bin\\npm-cli.js" "run" "build"
19 error node v7.4.0
20 error npm  v3.8.2
21 error code ELIFECYCLE
22 error node_dice@0.5.0 build: `babel -w src/ -d dist/ -s`
22 error Exit status 2
23 error Failed at the node_dice@0.5.0 build script 'babel -w src/ -d dist/ -s'.
23 error Make sure you have the latest version of node.js and npm installed.
23 error If you do, this is most likely a problem with the node_dice package,
23 error not with npm itself.
23 error Tell the author that this fails on your system:
23 error     babel -w src/ -d dist/ -s
23 error You can get information on how to open an issue for this project with:
23 error     npm bugs node_dice
23 error Or if that isn't available, you can get their info via:
23 error     npm owner ls node_dice
23 error There is likely additional logging output above.
24 verbose exit [ 1, true ]
